<?xml version="1.0" encoding="UTF-8"?>
<testsuite xmlns:xsi="http://www.w3.org/2001/XMLSchema-instance" xsi:noNamespaceSchemaLocation="https://maven.apache.org/surefire/maven-surefire-plugin/xsd/surefire-test-report-3.0.xsd" version="3.0" name="com.barnik.PostgresCheckTest.PostgresCheckTest" time="7.472" tests="1" errors="0" skipped="0" failures="0">
  <properties>
[...]
</properties>
  <testcase name="checkConnection" classname="com.barnik.PostgresCheckTest.PostgresCheckTest" time="7.38">
    <system-out><![CDATA[=== Step 1: Initialisation and image downloading (if nedded) ===
=== Step 2: Container is running successfully! ===
HOST: localhost
Port in Docker: 63657
JDBC URL: jdbc:postgresql://localhost:63657/test?loggerLevel=OFF
Quantity of records in databse: 2
=== Step 3: Finalisation of test. The container will be deleted automatically
]]></system-out>
    <system-err><![CDATA[[main] INFO org.testcontainers.images.PullPolicy - Image pull policy will be performed by: DefaultPullPolicy()
[main] INFO org.testcontainers.utility.ImageNameSubstitutor - Image name substitution will be performed by: DefaultImageNameSubstitutor (composite of 'ConfigurationFileImageNameSubstitutor' and 'PrefixingImageNameSubstitutor')
[main] INFO org.testcontainers.DockerClientFactory - Testcontainers version: 2.0.3
[main] INFO org.testcontainers.dockerclient.DockerClientProviderStrategy - Loaded org.testcontainers.dockerclient.NpipeSocketClientProviderStrategy from ~/.testcontainers.properties, will try it first
[main] INFO org.testcontainers.dockerclient.DockerClientProviderStrategy - Found Docker environment with local Npipe socket (npipe:////./pipe/docker_engine)
[main] INFO org.testcontainers.DockerClientFactory - Docker host IP address is localhost
[main] INFO org.testcontainers.DockerClientFactory - Connected to docker: 
  Server Version: 29.2.1
  API Version: 1.53
  Operating System: Docker Desktop
  Total Memory: 5904 MB
  Labels: 
    com.docker.desktop.address=npipe://\\.\pipe\docker_cli
[main] INFO tc.testcontainers/ryuk:0.13.0 - Creating container for image: testcontainers/ryuk:0.13.0
[main] INFO tc.testcontainers/ryuk:0.13.0 - Container testcontainers/ryuk:0.13.0 is starting: d0e3e4e2d107954deba39467c9a86ae27273ce8fa65f90c25838d6ab40017007
[main] INFO tc.testcontainers/ryuk:0.13.0 - Container testcontainers/ryuk:0.13.0 started in PT1.2679267S
[main] INFO org.testcontainers.utility.RyukResourceReaper - Ryuk started - will monitor and terminate Testcontainers containers on JVM exit
[main] INFO org.testcontainers.DockerClientFactory - Checking the system...
[main] INFO org.testcontainers.DockerClientFactory - ✔︎ Docker server version should be at least 1.6.0
[main] INFO tc.postgres:15-alpine - Creating container for image: postgres:15-alpine
[main] INFO tc.postgres:15-alpine - Container postgres:15-alpine is starting: 475fe2ccb6364d293d8ba9f77bc8e848d078f2f4e4eeaddc72041e2b3bb83838
[main] INFO tc.postgres:15-alpine - Container postgres:15-alpine started in PT3.6213064S
[main] INFO tc.postgres:15-alpine - Container is started (JDBC URL: jdbc:postgresql://localhost:63657/test?loggerLevel=OFF)
[main] INFO org.testcontainers.ext.ScriptUtils - Executing database script from init.sql
[main] INFO org.testcontainers.ext.ScriptUtils - Executed database script from init.sql in 269 ms.
]]></system-err>
  </testcase>
</testsuite>